Copyright 1986-2019 Xilinx, Inc. All Rights Reserved.
-------------------------------------------------------------------------------------------------------------------------------------------------------
| Tool Version     : Vivado v.2019.2 (lin64) Build 2708876 Wed Nov  6 21:39:14 MST 2019
| Date             : Fri Jan 21 12:48:09 2022
| Host             : drogon running 64-bit EndeavourOS Linux
| Command          : report_power -file rvfpganexys_power_routed.rpt -pb rvfpganexys_power_summary_routed.pb -rpx rvfpganexys_power_routed.rpx
| Design           : rvfpganexys
| Device           : xc7a100tcsg324-1
| Design State     : routed
| Grade            : commercial
| Process          : typical
| Characterization : Production
-------------------------------------------------------------------------------------------------------------------------------------------------------

Power Report

Table of Contents
-----------------
1. Summary
1.1 On-Chip Components
1.2 Power Supply Summary
1.3 Confidence Level
2. Settings
2.1 Environment
2.2 Clock Constraints
3. Detailed Reports
3.1 By Hierarchy

1. Summary
----------

+--------------------------+--------------+
| Total On-Chip Power (W)  | 0.934        |
| Design Power Budget (W)  | Unspecified* |
| Power Budget Margin (W)  | NA           |
| Dynamic (W)              | 0.824        |
| Device Static (W)        | 0.110        |
| Effective TJA (C/W)      | 4.6          |
| Max Ambient (C)          | 80.7         |
| Junction Temperature (C) | 29.3         |
| Confidence Level         | Low          |
| Setting File             | ---          |
| Simulation Activity File | ---          |
| Design Nets Matched      | NA           |
+--------------------------+--------------+
* Specify Design Power Budget using, set_operating_conditions -design_power_budget <value in Watts>


1.1 On-Chip Components
----------------------

+--------------------------+-----------+----------+-----------+-----------------+
| On-Chip                  | Power (W) | Used     | Available | Utilization (%) |
+--------------------------+-----------+----------+-----------+-----------------+
| Clocks                   |     0.043 |       13 |       --- |             --- |
| Slice Logic              |     0.017 |    61859 |       --- |             --- |
|   LUT as Logic           |     0.015 |    34102 |     63400 |           53.79 |
|   LUT as Distributed RAM |    <0.001 |      292 |     19000 |            1.54 |
|   CARRY4                 |    <0.001 |      845 |     15850 |            5.33 |
|   Register               |    <0.001 |    19427 |    126800 |           15.32 |
|   F7/F8 Muxes            |    <0.001 |      542 |     63400 |            0.85 |
|   LUT as Shift Register  |    <0.001 |        3 |     19000 |            0.02 |
|   Others                 |     0.000 |     1193 |       --- |             --- |
| Signals                  |     0.025 |    50652 |       --- |             --- |
| Block RAM                |     0.068 |       44 |       135 |           32.59 |
| PLL                      |     0.278 |        2 |         6 |           33.33 |
| DSPs                     |    <0.001 |        4 |       240 |            1.67 |
| I/O                      |     0.393 |      109 |       210 |           51.90 |
| Static Power             |     0.110 |          |           |                 |
| Total                    |     0.934 |          |           |                 |
+--------------------------+-----------+----------+-----------+-----------------+


1.2 Power Supply Summary
------------------------

+-----------+-------------+-----------+-------------+------------+
| Source    | Voltage (V) | Total (A) | Dynamic (A) | Static (A) |
+-----------+-------------+-----------+-------------+------------+
| Vccint    |       1.000 |     0.197 |       0.179 |      0.019 |
| Vccaux    |       1.800 |     0.196 |       0.178 |      0.018 |
| Vcco33    |       3.300 |     0.006 |       0.002 |      0.004 |
| Vcco25    |       2.500 |     0.000 |       0.000 |      0.000 |
| Vcco18    |       1.800 |     0.178 |       0.174 |      0.004 |
| Vcco15    |       1.500 |     0.000 |       0.000 |      0.000 |
| Vcco135   |       1.350 |     0.000 |       0.000 |      0.000 |
| Vcco12    |       1.200 |     0.000 |       0.000 |      0.000 |
| Vccaux_io |       1.800 |     0.000 |       0.000 |      0.000 |
| Vccbram   |       1.000 |     0.006 |       0.005 |      0.001 |
| MGTAVcc   |       1.000 |     0.000 |       0.000 |      0.000 |
| MGTAVtt   |       1.200 |     0.000 |       0.000 |      0.000 |
| Vccadc    |       1.800 |     0.020 |       0.000 |      0.020 |
+-----------+-------------+-----------+-------------+------------+


1.3 Confidence Level
--------------------

+-----------------------------+------------+--------------------------------------------------------+------------------------------------------------------------------------------------------------------------+
| User Input Data             | Confidence | Details                                                | Action                                                                                                     |
+-----------------------------+------------+--------------------------------------------------------+------------------------------------------------------------------------------------------------------------+
| Design implementation state | High       | Design is routed                                       |                                                                                                            |
| Clock nodes activity        | High       | User specified more than 95% of clocks                 |                                                                                                            |
| I/O nodes activity          | Low        | More than 75% of inputs are missing user specification | Provide missing input activity with simulation results or by editing the "By Resource Type -> I/Os" view   |
| Internal nodes activity     | Medium     | User specified less than 25% of internal nodes         | Provide missing internal nodes activity with simulation results or by editing the "By Resource Type" views |
| Device models               | High       | Device models are Production                           |                                                                                                            |
|                             |            |                                                        |                                                                                                            |
| Overall confidence level    | Low        |                                                        |                                                                                                            |
+-----------------------------+------------+--------------------------------------------------------+------------------------------------------------------------------------------------------------------------+


2. Settings
-----------

2.1 Environment
---------------

+-----------------------+--------------------------+
| Ambient Temp (C)      | 25.0                     |
| ThetaJA (C/W)         | 4.6                      |
| Airflow (LFM)         | 250                      |
| Heat Sink             | medium (Medium Profile)  |
| ThetaSA (C/W)         | 4.6                      |
| Board Selection       | medium (10"x10")         |
| # of Board Layers     | 12to15 (12 to 15 Layers) |
| Board Temperature (C) | 25.0                     |
+-----------------------+--------------------------+


2.2 Clock Constraints
---------------------

+---------------------+------------------------------+-----------------+
| Clock               | Domain                       | Constraint (ns) |
+---------------------+------------------------------+-----------------+
| clk_core            | clk_gen/clk_core             |            20.0 |
| clkfb               | clk_gen/clkfb                |            10.0 |
| clkout0             | ddr2/ldc/clkout0             |             5.0 |
| clkout1             | ddr2/ldc/clkout1             |            10.0 |
| clkout2             | ddr2/ldc/clkout2             |             5.0 |
| clkout3             | ddr2/ldc/clkout3             |             5.0 |
| subfragments_pll_fb | ddr2/ldc/subfragments_pll_fb |            10.0 |
| sys_clk_pin         | clk                          |            10.0 |
| tck_dmi             | tap/dmi_reg[0]_0             |           100.0 |
| tck_dtmcs           | tap/dtmcs_reg[0]_0           |           100.0 |
| tck_idcode          | tap/idcode_tck               |           100.0 |
+---------------------+------------------------------+-----------------+


3. Detailed Reports
-------------------

3.1 By Hierarchy
----------------

+-------------------------+-----------+
| Name                    | Power (W) |
+-------------------------+-----------+
| rvfpganexys             |     0.824 |
|   cdc                   |     0.007 |
|     i_axi_cdc           |     0.007 |
|       i_cdc_fifo_gray_r |     0.005 |
|   clk_gen               |     0.146 |
|   ddr2                  |     0.397 |
|     ldc                 |     0.397 |
|       IOBUF             |     0.008 |
|       IOBUFDS           |     0.007 |
|       IOBUFDS_1         |     0.007 |
|       IOBUF_1           |     0.008 |
|       IOBUF_10          |     0.008 |
|       IOBUF_11          |     0.009 |
|       IOBUF_12          |     0.007 |
|       IOBUF_13          |     0.007 |
|       IOBUF_14          |     0.007 |
|       IOBUF_15          |     0.008 |
|       IOBUF_2           |     0.008 |
|       IOBUF_3           |     0.009 |
|       IOBUF_4           |     0.007 |
|       IOBUF_5           |     0.007 |
|       IOBUF_6           |     0.007 |
|       IOBUF_7           |     0.008 |
|       IOBUF_8           |     0.008 |
|       IOBUF_9           |     0.008 |
|       OBUFDS            |     0.008 |
|       serv_rf_top       |     0.004 |
|   swervolf              |     0.091 |
|     axi2wb              |     0.002 |
|     axi_intercon        |     0.003 |
|       axi_xbar          |     0.003 |
|     bootrom             |     0.003 |
|       ram               |     0.003 |
|     swerv_eh1           |     0.078 |
|       mem               |     0.045 |
|       swerv             |     0.033 |
|     syscon              |     0.001 |
|     timer_ptc           |     0.001 |
+-------------------------+-----------+


